<?xml version="1.0" encoding="UTF-8"?>
<!-- Generated by org.testng.reporters.JUnitXMLReporter -->
<testsuite hostname="DESKTOP-2A6JV2R" name="chome test" tests="4" failures="0" timestamp="7 Jan 2018 15:39:07 GMT" time="10.806" errors="0">
  <testcase name="readFromXl" time="0.455" classname="tests.ReadWriteUsingXL"/>
  <testcase name="writeIntoXl" time="0.356" classname="tests.ReadWriteUsingXL"/>
  <testcase name="goingToDisable" time="0.0" classname="tests.SkipDisable"/>
  <testcase name="goingToSkip" time="0.0" classname="tests.SkipDisable">
    <skipped/>
  </testcase> <!-- goingToSkip -->
</testsuite> <!-- chome test -->
